{"C:\\Users\\Mateus\\Desktop\\Future4\\Spotenu_BackEnd\\src\\Business\\UserBusiness.ts": {"path":"C:\\Users\\Mateus\\Desktop\\Future4\\Spotenu_BackEnd\\src\\Business\\UserBusiness.ts","statementMap":{"0":{"start":{"line":5,"column":0},"end":{"line":5,"column":73}},"1":{"start":{"line":6,"column":0},"end":{"line":6,"column":52}},"2":{"start":{"line":12,"column":16},"end":{"line":12,"column":42}},"3":{"start":{"line":13,"column":16},"end":{"line":13,"column":35}},"4":{"start":{"line":14,"column":16},"end":{"line":14,"column":42}},"5":{"start":{"line":15,"column":16},"end":{"line":15,"column":40}},"6":{"start":{"line":29,"column":8},"end":{"line":32,"column":null}},"7":{"start":{"line":31,"column":12},"end":{"line":31,"column":null}},"8":{"start":{"line":33,"column":8},"end":{"line":36,"column":null}},"9":{"start":{"line":35,"column":12},"end":{"line":35,"column":null}},"10":{"start":{"line":37,"column":8},"end":{"line":40,"column":null}},"11":{"start":{"line":39,"column":12},"end":{"line":39,"column":null}},"12":{"start":{"line":41,"column":8},"end":{"line":47,"column":null}},"13":{"start":{"line":43,"column":12},"end":{"line":46,"column":14}},"14":{"start":{"line":48,"column":8},"end":{"line":54,"column":null}},"15":{"start":{"line":50,"column":10},"end":{"line":53,"column":12}},"16":{"start":{"line":56,"column":19},"end":{"line":56,"column":46}},"17":{"start":{"line":58,"column":29},"end":{"line":58,"column":68}},"18":{"start":{"line":60,"column":21},"end":{"line":60,"column":103}},"19":{"start":{"line":62,"column":8},"end":{"line":62,"column":null}},"20":{"start":{"line":64,"column":8},"end":{"line":67,"column":null}},"21":{"start":{"line":66,"column":14},"end":{"line":66,"column":null}},"22":{"start":{"line":69,"column":22},"end":{"line":72,"column":10}},"23":{"start":{"line":74,"column":8},"end":{"line":74,"column":null}},"24":{"start":{"line":84,"column":4},"end":{"line":87,"column":null}},"25":{"start":{"line":86,"column":6},"end":{"line":86,"column":55}},"26":{"start":{"line":88,"column":4},"end":{"line":133,"column":null}},"27":{"start":{"line":90,"column":20},"end":{"line":90,"column":75}},"28":{"start":{"line":91,"column":23},"end":{"line":91,"column":81}},"29":{"start":{"line":93,"column":6},"end":{"line":131,"column":null}},"30":{"start":{"line":94,"column":34},"end":{"line":96,"column":null}},"31":{"start":{"line":99,"column":12},"end":{"line":102,"column":null}},"32":{"start":{"line":101,"column":16},"end":{"line":101,"column":null}},"33":{"start":{"line":103,"column":26},"end":{"line":107,"column":14}},"34":{"start":{"line":109,"column":12},"end":{"line":109,"column":null}},"35":{"start":{"line":112,"column":13},"end":{"line":131,"column":null}},"36":{"start":{"line":113,"column":34},"end":{"line":115,"column":null}},"37":{"start":{"line":118,"column":8},"end":{"line":121,"column":null}},"38":{"start":{"line":120,"column":12},"end":{"line":120,"column":null}},"39":{"start":{"line":124,"column":22},"end":{"line":128,"column":12}},"40":{"start":{"line":130,"column":10},"end":{"line":130,"column":null}},"41":{"start":{"line":9,"column":0},"end":{"line":9,"column":13}}},"fnMap":{"0":{"name":"(anonymous_7)","decl":{"start":{"line":11,"column":4},"end":{"line":11,"column":null}},"loc":{"start":{"line":15,"column":40},"end":{"line":17,"column":8}}},"1":{"name":"(anonymous_8)","decl":{"start":{"line":19,"column":17},"end":{"line":19,"column":23}},"loc":{"start":{"line":26,"column":32},"end":{"line":76,"column":null}}},"2":{"name":"(anonymous_10)","decl":{"start":{"line":77,"column":17},"end":{"line":77,"column":22}},"loc":{"start":{"line":80,"column":24},"end":{"line":135,"column":null}}}},"branchMap":{"0":{"loc":{"start":{"line":29,"column":8},"end":{"line":32,"column":null}},"type":"if","locations":[{"start":{"line":29,"column":8},"end":{"line":32,"column":null}},{"start":{"line":29,"column":8},"end":{"line":32,"column":null}}]},"1":{"loc":{"start":{"line":29,"column":11},"end":{"line":29,"column":16}},"type":"binary-expr","locations":[{"start":{"line":29,"column":11},"end":{"line":29,"column":16}},{"start":{"line":29,"column":20},"end":{"line":29,"column":26}},{"start":{"line":29,"column":30},"end":{"line":29,"column":39}},{"start":{"line":29,"column":43},"end":{"line":29,"column":52}}]},"2":{"loc":{"start":{"line":33,"column":8},"end":{"line":36,"column":null}},"type":"if","locations":[{"start":{"line":33,"column":8},"end":{"line":36,"column":null}},{"start":{"line":33,"column":8},"end":{"line":36,"column":null}}]},"3":{"loc":{"start":{"line":37,"column":8},"end":{"line":40,"column":null}},"type":"if","locations":[{"start":{"line":37,"column":8},"end":{"line":40,"column":null}},{"start":{"line":37,"column":8},"end":{"line":40,"column":null}}]},"4":{"loc":{"start":{"line":37,"column":11},"end":{"line":37,"column":36}},"type":"binary-expr","locations":[{"start":{"line":37,"column":11},"end":{"line":37,"column":36}},{"start":{"line":37,"column":40},"end":{"line":37,"column":68}}]},"5":{"loc":{"start":{"line":41,"column":8},"end":{"line":47,"column":null}},"type":"if","locations":[{"start":{"line":41,"column":8},"end":{"line":47,"column":null}},{"start":{"line":41,"column":8},"end":{"line":47,"column":null}}]},"6":{"loc":{"start":{"line":41,"column":12},"end":{"line":41,"column":35}},"type":"binary-expr","locations":[{"start":{"line":41,"column":12},"end":{"line":41,"column":35}},{"start":{"line":41,"column":39},"end":{"line":41,"column":60}}]},"7":{"loc":{"start":{"line":48,"column":8},"end":{"line":54,"column":null}},"type":"if","locations":[{"start":{"line":48,"column":8},"end":{"line":54,"column":null}},{"start":{"line":48,"column":8},"end":{"line":54,"column":null}}]},"8":{"loc":{"start":{"line":48,"column":11},"end":{"line":48,"column":34}},"type":"binary-expr","locations":[{"start":{"line":48,"column":11},"end":{"line":48,"column":34}},{"start":{"line":48,"column":38},"end":{"line":48,"column":55}}]},"9":{"loc":{"start":{"line":64,"column":8},"end":{"line":67,"column":null}},"type":"if","locations":[{"start":{"line":64,"column":8},"end":{"line":67,"column":null}},{"start":{"line":64,"column":8},"end":{"line":67,"column":null}}]},"10":{"loc":{"start":{"line":84,"column":4},"end":{"line":87,"column":null}},"type":"if","locations":[{"start":{"line":84,"column":4},"end":{"line":87,"column":null}},{"start":{"line":84,"column":4},"end":{"line":87,"column":null}}]},"11":{"loc":{"start":{"line":88,"column":4},"end":{"line":133,"column":null}},"type":"if","locations":[{"start":{"line":88,"column":4},"end":{"line":133,"column":null}},{"start":{"line":88,"column":4},"end":{"line":133,"column":null}}]},"12":{"loc":{"start":{"line":93,"column":6},"end":{"line":131,"column":null}},"type":"if","locations":[{"start":{"line":93,"column":6},"end":{"line":131,"column":null}},{"start":{"line":93,"column":6},"end":{"line":131,"column":null}}]},"13":{"loc":{"start":{"line":99,"column":12},"end":{"line":102,"column":null}},"type":"if","locations":[{"start":{"line":99,"column":12},"end":{"line":102,"column":null}},{"start":{"line":99,"column":12},"end":{"line":102,"column":null}}]},"14":{"loc":{"start":{"line":112,"column":13},"end":{"line":131,"column":null}},"type":"if","locations":[{"start":{"line":112,"column":13},"end":{"line":131,"column":null}},{"start":{"line":112,"column":13},"end":{"line":131,"column":null}}]},"15":{"loc":{"start":{"line":118,"column":8},"end":{"line":121,"column":null}},"type":"if","locations":[{"start":{"line":118,"column":8},"end":{"line":121,"column":null}},{"start":{"line":118,"column":8},"end":{"line":121,"column":null}}]}},"s":{"0":1,"1":1,"2":2,"3":2,"4":2,"5":2,"6":1,"7":1,"8":0,"9":0,"10":0,"11":0,"12":0,"13":0,"14":0,"15":0,"16":0,"17":0,"18":0,"19":0,"20":0,"21":0,"22":0,"23":0,"24":0,"25":0,"26":0,"27":0,"28":0,"29":0,"30":0,"31":0,"32":0,"33":0,"34":0,"35":0,"36":0,"37":0,"38":0,"39":0,"40":0,"41":1},"f":{"0":2,"1":1,"2":0},"b":{"0":[1,0],"1":[1,0,0,0],"2":[0,0],"3":[0,0],"4":[0,0],"5":[0,0],"6":[0,0],"7":[0,0],"8":[0,0],"9":[0,0],"10":[0,0],"11":[0,0],"12":[0,0],"13":[0,0],"14":[0,0],"15":[0,0]}}
,"C:\\Users\\Mateus\\Desktop\\Future4\\Spotenu_BackEnd\\src\\Errors\\InvalidParamenterError.ts": {"path":"C:\\Users\\Mateus\\Desktop\\Future4\\Spotenu_BackEnd\\src\\Errors\\InvalidParamenterError.ts","statementMap":{"0":{"start":{"line":1,"column":0},"end":{"line":1,"column":52}},"1":{"start":{"line":7,"column":8},"end":{"line":7,"column":null}},"2":{"start":{"line":3,"column":0},"end":{"line":3,"column":13}}},"fnMap":{"0":{"name":"(anonymous_0)","decl":{"start":{"line":5,"column":4},"end":{"line":5,"column":16}},"loc":{"start":{"line":5,"column":31},"end":{"line":8,"column":5}}}},"branchMap":{},"s":{"0":1,"1":1,"2":1},"f":{"0":1},"b":{}}
,"C:\\Users\\Mateus\\Desktop\\Future4\\Spotenu_BackEnd\\src\\Errors\\BaseErrors\\BaseErrors.ts": {"path":"C:\\Users\\Mateus\\Desktop\\Future4\\Spotenu_BackEnd\\src\\Errors\\BaseErrors\\BaseErrors.ts","statementMap":{"0":{"start":{"line":7,"column":8},"end":{"line":7,"column":null}},"1":{"start":{"line":5,"column":15},"end":{"line":5,"column":32}},"2":{"start":{"line":1,"column":0},"end":{"line":1,"column":22}}},"fnMap":{"0":{"name":"(anonymous_0)","decl":{"start":{"line":3,"column":4},"end":{"line":3,"column":null}},"loc":{"start":{"line":5,"column":32},"end":{"line":8,"column":5}}}},"branchMap":{},"s":{"0":1,"1":1,"2":1},"f":{"0":1},"b":{}}
,"C:\\Users\\Mateus\\Desktop\\Future4\\Spotenu_BackEnd\\src\\Model\\UserModel.ts": {"path":"C:\\Users\\Mateus\\Desktop\\Future4\\Spotenu_BackEnd\\src\\Model\\UserModel.ts","statementMap":{"0":{"start":{"line":1,"column":0},"end":{"line":1,"column":72}},"1":{"start":{"line":6,"column":16},"end":{"line":6,"column":26}},"2":{"start":{"line":7,"column":16},"end":{"line":7,"column":28}},"3":{"start":{"line":8,"column":16},"end":{"line":8,"column":29}},"4":{"start":{"line":9,"column":16},"end":{"line":9,"column":32}},"5":{"start":{"line":10,"column":16},"end":{"line":10,"column":32}},"6":{"start":{"line":11,"column":16},"end":{"line":11,"column":30}},"7":{"start":{"line":12,"column":16},"end":{"line":12,"column":41}},"8":{"start":{"line":16,"column":8},"end":{"line":16,"column":null}},"9":{"start":{"line":19,"column":8},"end":{"line":19,"column":null}},"10":{"start":{"line":22,"column":8},"end":{"line":22,"column":null}},"11":{"start":{"line":25,"column":8},"end":{"line":25,"column":null}},"12":{"start":{"line":28,"column":8},"end":{"line":28,"column":null}},"13":{"start":{"line":31,"column":8},"end":{"line":31,"column":null}},"14":{"start":{"line":34,"column":8},"end":{"line":34,"column":null}},"15":{"start":{"line":39,"column":8},"end":{"line":51,"column":null}},"16":{"start":{"line":42,"column":14},"end":{"line":42,"column":36}},"17":{"start":{"line":44,"column":14},"end":{"line":44,"column":46}},"18":{"start":{"line":46,"column":14},"end":{"line":46,"column":50}},"19":{"start":{"line":48,"column":14},"end":{"line":48,"column":36}},"20":{"start":{"line":50,"column":14},"end":{"line":50,"column":null}},"21":{"start":{"line":3,"column":0},"end":{"line":3,"column":13}},"22":{"start":{"line":56,"column":0},"end":{"line":56,"column":null}},"23":{"start":{"line":57,"column":4},"end":{"line":57,"column":null}},"24":{"start":{"line":58,"column":4},"end":{"line":58,"column":null}},"25":{"start":{"line":59,"column":4},"end":{"line":59,"column":null}},"26":{"start":{"line":60,"column":4},"end":{"line":60,"column":null}},"27":{"start":{"line":61,"column":4},"end":{"line":61,"column":null}}},"fnMap":{"0":{"name":"(anonymous_0)","decl":{"start":{"line":5,"column":4},"end":{"line":5,"column":null}},"loc":{"start":{"line":12,"column":41},"end":{"line":13,"column":8}}},"1":{"name":"(anonymous_1)","decl":{"start":{"line":15,"column":11},"end":{"line":15,"column":16}},"loc":{"start":{"line":15,"column":16},"end":{"line":17,"column":5}}},"2":{"name":"(anonymous_2)","decl":{"start":{"line":18,"column":11},"end":{"line":18,"column":18}},"loc":{"start":{"line":18,"column":18},"end":{"line":20,"column":5}}},"3":{"name":"(anonymous_3)","decl":{"start":{"line":21,"column":11},"end":{"line":21,"column":19}},"loc":{"start":{"line":21,"column":19},"end":{"line":23,"column":5}}},"4":{"name":"(anonymous_4)","decl":{"start":{"line":24,"column":11},"end":{"line":24,"column":22}},"loc":{"start":{"line":24,"column":22},"end":{"line":26,"column":5}}},"5":{"name":"(anonymous_5)","decl":{"start":{"line":27,"column":11},"end":{"line":27,"column":22}},"loc":{"start":{"line":27,"column":22},"end":{"line":29,"column":5}}},"6":{"name":"(anonymous_6)","decl":{"start":{"line":30,"column":11},"end":{"line":30,"column":18}},"loc":{"start":{"line":30,"column":18},"end":{"line":32,"column":5}}},"7":{"name":"(anonymous_7)","decl":{"start":{"line":33,"column":11},"end":{"line":33,"column":25}},"loc":{"start":{"line":33,"column":25},"end":{"line":35,"column":5}}},"8":{"name":"(anonymous_8)","decl":{"start":{"line":37,"column":4},"end":{"line":37,"column":10}},"loc":{"start":{"line":37,"column":42},"end":{"line":52,"column":5}}},"9":{"name":"(anonymous_9)","decl":{"start":{"line":56,"column":0},"end":{"line":56,"column":12}},"loc":{"start":{"line":56,"column":20},"end":{"line":62,"column":1}}}},"branchMap":{"0":{"loc":{"start":{"line":41,"column":12},"end":{"line":42,"column":36}},"type":"switch","locations":[{"start":{"line":41,"column":12},"end":{"line":42,"column":36}},{"start":{"line":43,"column":12},"end":{"line":44,"column":46}},{"start":{"line":45,"column":12},"end":{"line":46,"column":50}},{"start":{"line":47,"column":12},"end":{"line":48,"column":36}},{"start":{"line":49,"column":12},"end":{"line":50,"column":null}}]},"1":{"loc":{"start":{"line":56,"column":12},"end":{"line":56,"column":20}},"type":"binary-expr","locations":[{"start":{"line":56,"column":12},"end":{"line":56,"column":20}},{"start":{"line":56,"column":12},"end":{"line":56,"column":null}}]}},"s":{"0":1,"1":0,"2":0,"3":0,"4":0,"5":0,"6":0,"7":0,"8":0,"9":0,"10":0,"11":0,"12":0,"13":0,"14":0,"15":0,"16":0,"17":0,"18":0,"19":0,"20":0,"21":1,"22":1,"23":1,"24":1,"25":1,"26":1,"27":1},"f":{"0":0,"1":0,"2":0,"3":0,"4":0,"5":0,"6":0,"7":0,"8":0,"9":1},"b":{"0":[0,0,0,0,0],"1":[1,1]}}
}
